SF:/Users/ivonedjaja/Projects/flutter/melos_demo/utility/browser/lib/browser.dart
DA:10,1
DA:11,1
LF:2
LH:2
end_of_record
SF:/Users/ivonedjaja/Projects/flutter/melos_demo/utility/network/lib/network.dart
DA:6,2
LF:1
LH:1
end_of_record
SF:/Users/ivonedjaja/Projects/flutter/melos_demo/features/register/lib/register.dart
DA:6,2
LF:1
LH:1
end_of_record
SF:/Users/ivonedjaja/Projects/flutter/melos_demo/features/payment/lib/payment.dart
DA:6,2
LF:1
LH:1
end_of_record
SF:/Users/ivonedjaja/Projects/flutter/melos_demo/utility/logger/lib/logger.dart
DA:6,2
LF:1
LH:1
end_of_record
SF:/Users/ivonedjaja/Projects/flutter/melos_demo/utility/browser/example/lib/main.dart
DA:7,0
DA:8,0
DA:12,1
DA:13,1
DA:19,1
DA:21,1
DA:22,1
DA:26,1
DA:30,1
DA:31,0
DA:38,0
DA:40,0
DA:41,0
DA:45,1
DA:47,1
DA:48,1
DA:49,1
DA:52,1
DA:53,3
LF:19
LH:13
end_of_record
